2025-06-04 16:48:21 - User: 9, Action: start, Task: 13
2025-06-04 16:48:21 - Started new tracking: 29 for task: 13
2025-06-04 16:48:21 - User: 9, Action: start, Task: 13
2025-06-04 16:48:21 - Stopped existing tracking: 29
2025-06-04 16:48:21 - Started new tracking: 30 for task: 13
2025-06-04 16:48:26 - User: 9, Action: stop, Task: 0
2025-06-04 16:48:26 - Stopped 1 active tracking(s)
2025-06-04 16:48:26 - User: 9, Action: stop, Task: 0
2025-06-04 16:48:26 - No active tracking found
2025-06-04 16:48:34 - User: 9, Action: start, Task: 13
2025-06-04 16:48:34 - Started new tracking: 31 for task: 13
2025-06-04 16:48:34 - User: 9, Action: start, Task: 13
2025-06-04 16:48:34 - Stopped existing tracking: 31
2025-06-04 16:48:34 - Started new tracking: 32 for task: 13
2025-06-04 16:48:43 - User: 9, Action: stop, Task: 0
2025-06-04 16:48:43 - Stopped 1 active tracking(s)
2025-06-04 16:48:43 - User: 9, Action: stop, Task: 0
2025-06-04 16:48:43 - No active tracking found
2025-06-04 16:48:55 - User: 9, Action: start, Task: 13
2025-06-04 16:48:55 - Started new tracking: 33 for task: 13
2025-06-04 16:48:55 - User: 9, Action: start, Task: 13
2025-06-04 16:48:55 - Stopped existing tracking: 33
2025-06-04 16:48:55 - Started new tracking: 34 for task: 13
2025-06-04 16:48:57 - User: 9, Action: stop, Task: 0
2025-06-04 16:48:57 - Stopped 1 active tracking(s)
2025-06-04 16:48:57 - User: 9, Action: stop, Task: 0
2025-06-04 16:48:57 - No active tracking found
2025-06-04 16:48:59 - User: 9, Action: start, Task: 13
2025-06-04 16:48:59 - Started new tracking: 35 for task: 13
2025-06-04 16:48:59 - User: 9, Action: start, Task: 13
2025-06-04 16:48:59 - Stopped existing tracking: 35
2025-06-04 16:48:59 - Started new tracking: 36 for task: 13
2025-06-04 16:49:05 - User: 9, Action: start, Task: 13
2025-06-04 16:49:05 - Stopped existing tracking: 36
2025-06-04 16:49:05 - Started new tracking: 37 for task: 13
2025-06-04 16:49:19 - User: 9, Action: stop, Task: 0
2025-06-04 16:49:19 - Stopped 1 active tracking(s)
2025-06-04 16:49:19 - User: 9, Action: stop, Task: 0
2025-06-04 16:49:19 - No active tracking found
2025-06-04 16:49:28 - User: 9, Action: start, Task: 13
2025-06-04 16:49:28 - Started new tracking: 38 for task: 13
2025-06-04 16:49:28 - User: 9, Action: start, Task: 13
2025-06-04 16:49:28 - Stopped existing tracking: 38
2025-06-04 16:49:28 - Started new tracking: 39 for task: 13
2025-06-04 16:49:37 - User: 9, Action: stop, Task: 0
2025-06-04 16:49:37 - Stopped 1 active tracking(s)
2025-06-04 16:49:37 - User: 9, Action: stop, Task: 0
2025-06-04 16:49:37 - No active tracking found
