2025-06-04 16:57:27 - User: 9, Action: start, Task: 13
2025-06-04 16:57:27 - Started new tracking: 40 for task: 13
2025-06-04 17:31:29 - User: 9, Action: start, Task: 14
2025-06-04 17:31:29 - Updated task status to in_production
2025-06-04 17:31:29 - Started new tracking: 42 for task: 14
2025-06-04 17:31:31 - User: 9, Action: stop, Task: 0
2025-06-04 17:31:31 - Stopped 1 active tracking(s)
2025-06-04 17:31:42 - User: 9, Action: start, Task: 14
2025-06-04 17:31:42 - Started new tracking: 43 for task: 14
2025-06-04 17:32:42 - User: 9, Action: stop, Task: 0
2025-06-04 17:32:42 - Stopped 1 active tracking(s)
2025-06-04 17:32:55 - User: 9, Action: start, Task: 14
2025-06-04 17:32:55 - Started new tracking: 44 for task: 14
2025-06-04 17:39:35 - User: 9, Action: start, Task: 15
2025-06-04 17:39:35 - Updated task status to in_production
2025-06-04 17:39:35 - Started new tracking: 45 for task: 15
2025-06-04 17:41:14 - User: 9, Action: status, Task: 0
2025-06-04 17:42:14 - User: 9, Action: status, Task: 0
2025-06-04 17:55:10 - User: 9, Action: start, Task: 14
2025-06-04 17:55:10 - Started new tracking: 47 for task: 14
2025-06-04 18:02:49 - User: 9, Action: start, Task: 16
2025-06-04 18:02:49 - Updated task status to in_production
2025-06-04 18:02:49 - Started new tracking: 49 for task: 16
2025-06-04 18:26:09 - User: 9, Action: start, Task: 17
2025-06-04 18:26:09 - Updated task status to in_production
2025-06-04 18:26:09 - Started new tracking: 51 for task: 17
2025-06-04 19:19:04 - User: 9, Action: start, Task: 19
2025-06-04 19:19:04 - Started new tracking: 54 for task: 19
2025-06-04 19:23:52 - User: 9, Action: start, Task: 20
2025-06-04 19:23:52 - Updated task status to in_production
2025-06-04 19:23:52 - Started new tracking: 55 for task: 20
2025-06-04 19:26:00 - User: 9, Action: start, Task: 21
2025-06-04 19:26:00 - Updated task status to in_production
2025-06-04 19:26:00 - Started new tracking: 56 for task: 21
2025-06-04 19:26:07 - User: 9, Action: start, Task: 21
2025-06-04 19:26:07 - Stopped existing tracking: 56
2025-06-04 19:26:07 - Started new tracking: 57 for task: 21
2025-06-04 19:26:08 - User: 9, Action: start, Task: 21
2025-06-04 19:26:08 - Stopped existing tracking: 57
2025-06-04 19:26:08 - Started new tracking: 58 for task: 21
2025-06-04 19:42:17 - User: 9, Action: start, Task: 23
2025-06-04 19:42:17 - Updated task status to in_production
2025-06-04 19:42:17 - Started new tracking: 60 for task: 23
2025-06-04 19:56:30 - User: 9, Action: start, Task: 24
2025-06-04 19:56:30 - Updated task status to in_production
2025-06-04 19:56:30 - Started new tracking: 61 for task: 24
2025-06-04 21:07:14 - User: 9, Action: start, Task: 25
2025-06-04 21:07:14 - Updated task status to in_production
2025-06-04 21:07:14 - Started new tracking: 62 for task: 25
2025-06-04 21:52:52 - User: 9, Action: start, Task: 26
2025-06-04 21:52:52 - Updated task status to in_production
2025-06-04 21:52:52 - Started new tracking: 63 for task: 26
